<?xml version="1.0" encoding="UTF-8"?>
<testsuite xmlns:xsi="http://www.w3.org/2001/XMLSchema-instance" xsi:noNamespaceSchemaLocation="https://maven.apache.org/surefire/maven-surefire-plugin/xsd/surefire-test-report-3.0.xsd" version="3.0" name="CalculatorTest" time="0.216" tests="9" errors="0" skipped="1" failures="0">
  <properties>
[...]
</properties>
  <testcase name="testException" classname="CalculatorTest" time="0">
    <skipped message="void CalculatorTest.testException() is @Disabled"/>
  </testcase>
  <testcase name="testAddParameterized(int)[1]" classname="CalculatorTest" time="0.047"/>
  <testcase name="testAddParameterized(int)[2]" classname="CalculatorTest" time="0.001"/>
  <testcase name="testAddParameterized(int)[3]" classname="CalculatorTest" time="0.003"/>
  <testcase name="testAddParameterized(int)[4]" classname="CalculatorTest" time="0.001"/>
  <testcase name="testAdd" classname="CalculatorTest" time="0.001"/>
  <testcase name="multiply" classname="CalculatorTest" time="0.002"/>
  <testcase name="testDivision" classname="CalculatorTest" time="0.002"/>
  <testcase name="assertTrue" classname="CalculatorTest" time="0.005"/>
</testsuite>